<?xml version="1.0" encoding="UTF-8"?>
<testng-results ignored="0" total="2" passed="2" failed="0" skipped="0">
  <reporter-output>
    <line>
      <![CDATA[Test requirements are gathering and test is ready]]>
    </line>
    <line>
      <![CDATA[Test requirements gathered and test is started]]>
    </line>
    <line>
      <![CDATA[Browser started]]>
    </line>
    <line>
      <![CDATA[Browser launched successfully]]>
    </line>
    <line>
      <![CDATA[capturing sc]]>
    </line>
    <line>
      <![CDATA[Reports generated succssfully]]>
    </line>
    <line>
      <![CDATA[capturing sc]]>
    </line>
    <line>
      <![CDATA[Reports generated succssfully]]>
    </line>
    <line>
      <![CDATA[Browser started]]>
    </line>
    <line>
      <![CDATA[Browser closed successfully]]>
    </line>
  </reporter-output>
  <suite started-at="2021-07-11T15:52:02 IST" name="Default suite" finished-at="2021-07-11T15:52:47 IST" duration-ms="44554">
    <groups>
    </groups>
    <test started-at="2021-07-11T15:52:02 IST" name="Default test" finished-at="2021-07-11T15:52:47 IST" duration-ms="44554">
      <class name="com.learnautomation.testcases.LoginCRM">
        <test-method is-config="true" signature="setUpSuite()[pri:0, instance:com.learnautomation.testcases.LoginCRM@76c3e77a]" started-at="2021-07-11T15:52:01 IST" name="setUpSuite" finished-at="2021-07-11T15:52:02 IST" duration-ms="1111" status="PASS">
          <reporter-output>
            <line>
              <![CDATA[Test requirements are gathering and test is ready]]>
            </line>
            <line>
              <![CDATA[Test requirements gathered and test is started]]>
            </line>
          </reporter-output>
        </test-method> <!-- setUpSuite -->
        <test-method is-config="true" signature="setup()[pri:0, instance:com.learnautomation.testcases.LoginCRM@76c3e77a]" started-at="2021-07-11T15:52:02 IST" name="setup" finished-at="2021-07-11T15:52:23 IST" duration-ms="21014" status="PASS">
          <reporter-output>
            <line>
              <![CDATA[Browser started]]>
            </line>
            <line>
              <![CDATA[Browser launched successfully]]>
            </line>
          </reporter-output>
        </test-method> <!-- setup -->
        <test-method signature="loginApp()[pri:1, instance:com.learnautomation.testcases.LoginCRM@76c3e77a]" started-at="2021-07-11T15:52:23 IST" name="loginApp" finished-at="2021-07-11T15:52:30 IST" duration-ms="6745" status="PASS">
          <reporter-output>
          </reporter-output>
        </test-method> <!-- loginApp -->
        <test-method is-config="true" signature="tearDownMethod(org.testng.ITestResult)[pri:0, instance:com.learnautomation.testcases.LoginCRM@76c3e77a]" started-at="2021-07-11T15:52:30 IST" name="tearDownMethod" finished-at="2021-07-11T15:52:43 IST" duration-ms="12806" status="PASS">
          <params>
            <param index="0">
              <value>
                <![CDATA[[TestResult name=loginApp status=SUCCESS method=LoginCRM.loginApp()[pri:1, instance:com.learnautomation.testcases.LoginCRM@76c3e77a] output={null}]]]>
              </value>
            </param>
          </params>
          <reporter-output>
            <line>
              <![CDATA[capturing sc]]>
            </line>
            <line>
              <![CDATA[Reports generated succssfully]]>
            </line>
          </reporter-output>
        </test-method> <!-- tearDownMethod -->
        <test-method signature="loginApp1()[pri:2, instance:com.learnautomation.testcases.LoginCRM@76c3e77a]" started-at="2021-07-11T15:52:43 IST" name="loginApp1" finished-at="2021-07-11T15:52:43 IST" duration-ms="3" status="PASS">
          <reporter-output>
          </reporter-output>
        </test-method> <!-- loginApp1 -->
        <test-method is-config="true" signature="tearDownMethod(org.testng.ITestResult)[pri:0, instance:com.learnautomation.testcases.LoginCRM@76c3e77a]" started-at="2021-07-11T15:52:43 IST" name="tearDownMethod" finished-at="2021-07-11T15:52:44 IST" duration-ms="1463" status="PASS">
          <params>
            <param index="0">
              <value>
                <![CDATA[[TestResult name=loginApp1 status=SUCCESS method=LoginCRM.loginApp1()[pri:2, instance:com.learnautomation.testcases.LoginCRM@76c3e77a] output={null}]]]>
              </value>
            </param>
          </params>
          <reporter-output>
            <line>
              <![CDATA[capturing sc]]>
            </line>
            <line>
              <![CDATA[Reports generated succssfully]]>
            </line>
          </reporter-output>
        </test-method> <!-- tearDownMethod -->
        <test-method is-config="true" signature="teardown()[pri:0, instance:com.learnautomation.testcases.LoginCRM@76c3e77a]" started-at="2021-07-11T15:52:44 IST" name="teardown" finished-at="2021-07-11T15:52:47 IST" duration-ms="2392" status="PASS">
          <reporter-output>
            <line>
              <![CDATA[Browser started]]>
            </line>
            <line>
              <![CDATA[Browser closed successfully]]>
            </line>
          </reporter-output>
        </test-method> <!-- teardown -->
      </class> <!-- com.learnautomation.testcases.LoginCRM -->
    </test> <!-- Default test -->
  </suite> <!-- Default suite -->
</testng-results>
